Using pre-set license
Built from '2023.2/staging' branch; Version is '2023.2.18f1 (1cb755715f58) revision 1881941'; Using compiler version '193431935'; Build Type 'Release'
OS: 'Windows 11  (10.0.22631) 64bit CoreSingleLanguage' Language: 'es' Physical Memory: 32452 MB
BatchMode: 1, IsHumanControllingUs: 0, StartBugReporterOnCrash: 0, Is64bit: 1, IsPro: 1

COMMAND LINE ARGUMENTS:
C:\Program Files\Unity\Hub\Editor\2023.2.18f1\Editor\Unity.exe
-adb2
-batchMode
-noUpm
-name
AssetImportWorker0
-projectPath
D:/GITHUB/ppe2/ppe2
-logFile
Logs/AssetImportWorker0.log
-srvPort
<<<<<<< Updated upstream
54526
=======
58554
>>>>>>> Stashed changes
-job-worker-count
9
-background-job-worker-count
8
-asset-garbage-collectors
1
Successfully changed project path to: D:/GITHUB/ppe2/ppe2
D:/GITHUB/ppe2/ppe2
[UnityMemory] Configuration Parameters - Can be set up in boot.config
    "memorysetup-bucket-allocator-granularity=16"
    "memorysetup-bucket-allocator-bucket-count=8"
    "memorysetup-bucket-allocator-block-size=33554432"
    "memorysetup-bucket-allocator-block-count=8"
    "memorysetup-main-allocator-block-size=16777216"
    "memorysetup-thread-allocator-block-size=16777216"
    "memorysetup-gfx-main-allocator-block-size=16777216"
    "memorysetup-gfx-thread-allocator-block-size=16777216"
    "memorysetup-cache-allocator-block-size=4194304"
    "memorysetup-typetree-allocator-block-size=2097152"
    "memorysetup-profiler-bucket-allocator-granularity=16"
    "memorysetup-profiler-bucket-allocator-bucket-count=8"
    "memorysetup-profiler-bucket-allocator-block-size=33554432"
    "memorysetup-profiler-bucket-allocator-block-count=8"
    "memorysetup-profiler-allocator-block-size=16777216"
    "memorysetup-profiler-editor-allocator-block-size=1048576"
    "memorysetup-temp-allocator-size-main=16777216"
    "memorysetup-job-temp-allocator-block-size=2097152"
    "memorysetup-job-temp-allocator-block-size-background=1048576"
    "memorysetup-job-temp-allocator-reduction-small-platforms=262144"
    "memorysetup-allocator-temp-initial-block-size-main=262144"
    "memorysetup-allocator-temp-initial-block-size-worker=262144"
    "memorysetup-temp-allocator-size-background-worker=32768"
    "memorysetup-temp-allocator-size-job-worker=262144"
    "memorysetup-temp-allocator-size-preload-manager=33554432"
    "memorysetup-temp-allocator-size-nav-mesh-worker=65536"
    "memorysetup-temp-allocator-size-audio-worker=65536"
    "memorysetup-temp-allocator-size-cloud-worker=32768"
    "memorysetup-temp-allocator-size-gi-baking-worker=262144"
    "memorysetup-temp-allocator-size-gi-baking-worker=262144"
    "memorysetup-temp-allocator-size-gi-baking-worker=262144"
    "memorysetup-temp-allocator-size-gi-baking-worker=262144"
    "memorysetup-temp-allocator-size-gfx=262144"
<<<<<<< Updated upstream
Player connection [212] Host "[IP] 192.168.1.68 [Port] 0 [Flags] 2 [Guid] 178573711 [EditorId] 178573711 [Version] 1048832 [Id] WindowsEditor(7,T-800) [Debug] 1 [PackageName] WindowsEditor [ProjectName] Editor" joined multi-casting on [225.0.0.222:54997]...
Player connection [212] Host "[IP] 192.168.1.68 [Port] 0 [Flags] 2 [Guid] 178573711 [EditorId] 178573711 [Version] 1048832 [Id] WindowsEditor(7,T-800) [Debug] 1 [PackageName] WindowsEditor [ProjectName] Editor" joined alternative multi-casting on [225.0.0.222:34997]...
JobSystem: Creating JobQueue using job-worker-count value 9
[Physics::Module] Initialized MultithreadedJobDispatcher with 9 workers.
Library Redirect Path: Library/
Refreshing native plugins compatible for Editor in 0.62 ms, found 3 plugins.
=======
Player connection [13528] Host "[IP] 192.168.1.68 [Port] 0 [Flags] 2 [Guid] 3178621364 [EditorId] 3178621364 [Version] 1048832 [Id] WindowsEditor(7,T-800) [Debug] 1 [PackageName] WindowsEditor [ProjectName] Editor" joined multi-casting on [225.0.0.222:54997]...
Player connection [13528] Host "[IP] 192.168.1.68 [Port] 0 [Flags] 2 [Guid] 3178621364 [EditorId] 3178621364 [Version] 1048832 [Id] WindowsEditor(7,T-800) [Debug] 1 [PackageName] WindowsEditor [ProjectName] Editor" joined alternative multi-casting on [225.0.0.222:34997]...
JobSystem: Creating JobQueue using job-worker-count value 9
[Physics::Module] Initialized MultithreadedJobDispatcher with 9 workers.
Library Redirect Path: Library/
Refreshing native plugins compatible for Editor in 0.64 ms, found 3 plugins.
>>>>>>> Stashed changes
Preloading 0 native plugins for Editor in 0.00 ms.
Initialize engine version: 2023.2.18f1 (1cb755715f58)
[Subsystems] Discovering subsystems at path C:/Program Files/Unity/Hub/Editor/2023.2.18f1/Editor/Data/Resources/UnitySubsystems
[Subsystems] Discovering subsystems at path D:/GITHUB/ppe2/ppe2/Assets
GfxDevice: creating device client; kGfxThreadingModeNonThreaded
Direct3D:
    Version:  Direct3D 11.0 [level 11.1]
    Renderer: NVIDIA GeForce RTX 3060 Laptop GPU (ID=0x2560)
    Vendor:   NVIDIA
    VRAM:     5996 MB
    Driver:   31.0.15.5123
Shader 'WFX/Transparent Diffuse': fallback shader 'Particles/Alpha Blended' not found
Shader 'WFX/Transparent Specular': fallback shader 'Particles/Alpha Blended' not found
Initialize mono
Mono path[0] = 'C:/Program Files/Unity/Hub/Editor/2023.2.18f1/Editor/Data/Managed'
Mono path[1] = 'C:/Program Files/Unity/Hub/Editor/2023.2.18f1/Editor/Data/MonoBleedingEdge/lib/mono/unityjit-win32'
Mono config path = 'C:/Program Files/Unity/Hub/Editor/2023.2.18f1/Editor/Data/MonoBleedingEdge/etc'
<<<<<<< Updated upstream
Using monoOptions --debugger-agent=transport=dt_socket,embedding=1,server=y,suspend=n,address=127.0.0.1:56220
=======
Using monoOptions --debugger-agent=transport=dt_socket,embedding=1,server=y,suspend=n,address=127.0.0.1:56824
>>>>>>> Stashed changes
Begin MonoManager ReloadAssembly
C:\build\output\Unity-Technologies\mono\mono\metadata\icall.c:1842:
C:\build\output\Unity-Technologies\mono\mono\metadata\icall.c:1842:
C:\build\output\Unity-Technologies\mono\mono\metadata\icall.c:1842:
C:\build\output\Unity-Technologies\mono\mono\metadata\icall.c:1842:
C:\build\output\Unity-Technologies\mono\mono\metadata\icall.c:1842:
C:\build\output\Unity-Technologies\mono\mono\metadata\icall.c:1842:
C:\build\output\Unity-Technologies\mono\mono\metadata\icall.c:1842:
C:\build\output\Unity-Technologies\mono\mono\metadata\icall.c:1842:
C:\build\output\Unity-Technologies\mono\mono\metadata\icall.c:1842:
C:\build\output\Unity-Technologies\mono\mono\metadata\icall.c:1842:
Registering precompiled unity dll's ...
Register platform support module: C:/Program Files/Unity/Hub/Editor/2023.2.18f1/Editor/Data/PlaybackEngines/WindowsStandaloneSupport/UnityEditor.WindowsStandalone.Extensions.dll
Register platform support module: C:/Program Files/Unity/Hub/Editor/2023.2.18f1/Editor/Data/PlaybackEngines/AndroidPlayer/UnityEditor.Android.Extensions.dll
<<<<<<< Updated upstream
Registered in 0.005363 seconds.
- Loaded All Assemblies, in  0.325 seconds
Native extension for Android target not found
Android Extension - Scanning For ADB Devices 579 ms
=======
Registered in 0.004327 seconds.
- Loaded All Assemblies, in  0.366 seconds
Native extension for Android target not found
Android Extension - Scanning For ADB Devices 1495 ms
>>>>>>> Stashed changes
Native extension for WindowsStandalone target not found
Mono: successfully reloaded assembly
C:\build\output\Unity-Technologies\mono\mono\metadata\icall.c:1842:
C:\build\output\Unity-Technologies\mono\mono\metadata\icall.c:1842:
<<<<<<< Updated upstream
- Finished resetting the current domain, in  0.872 seconds
Domain Reload Profiling: 1193ms
	BeginReloadAssembly (108ms)
=======
- Finished resetting the current domain, in  1.861 seconds
Domain Reload Profiling: 2225ms
	BeginReloadAssembly (125ms)
>>>>>>> Stashed changes
		ExecutionOrderSort (0ms)
		DisableScriptedObjects (0ms)
		BackupInstance (0ms)
		ReleaseScriptingObjects (0ms)
		CreateAndSetChildDomain (1ms)
<<<<<<< Updated upstream
	RebuildCommonClasses (28ms)
	RebuildNativeTypeToScriptingClass (10ms)
	initialDomainReloadingComplete (46ms)
	LoadAllAssembliesAndSetupDomain (130ms)
		LoadAssemblies (105ms)
		RebuildTransferFunctionScriptingTraits (0ms)
		AnalyzeDomain (127ms)
			TypeCache.Refresh (126ms)
				TypeCache.ScanAssembly (114ms)
			BuildScriptInfoCaches (0ms)
			ResolveRequiredComponents (0ms)
	FinalizeReload (872ms)
		ReleaseScriptCaches (0ms)
		RebuildScriptCaches (0ms)
		SetupLoadedEditorAssemblies (836ms)
			LogAssemblyErrors (0ms)
			InitializePlatformSupportModulesInManaged (665ms)
			SetLoadedEditorAssemblies (3ms)
			BeforeProcessingInitializeOnLoad (4ms)
			ProcessInitializeOnLoadAttributes (121ms)
			ProcessInitializeOnLoadMethodAttributes (43ms)
=======
	RebuildCommonClasses (31ms)
	RebuildNativeTypeToScriptingClass (10ms)
	initialDomainReloadingComplete (48ms)
	LoadAllAssembliesAndSetupDomain (148ms)
		LoadAssemblies (122ms)
		RebuildTransferFunctionScriptingTraits (0ms)
		AnalyzeDomain (145ms)
			TypeCache.Refresh (144ms)
				TypeCache.ScanAssembly (133ms)
			BuildScriptInfoCaches (0ms)
			ResolveRequiredComponents (0ms)
	FinalizeReload (1862ms)
		ReleaseScriptCaches (0ms)
		RebuildScriptCaches (0ms)
		SetupLoadedEditorAssemblies (1816ms)
			LogAssemblyErrors (0ms)
			InitializePlatformSupportModulesInManaged (1598ms)
			SetLoadedEditorAssemblies (5ms)
			BeforeProcessingInitializeOnLoad (6ms)
			ProcessInitializeOnLoadAttributes (151ms)
			ProcessInitializeOnLoadMethodAttributes (55ms)
>>>>>>> Stashed changes
			AfterProcessingInitializeOnLoad (0ms)
			EditorAssembliesLoaded (0ms)
		ExecutionOrderSort2 (0ms)
		AwakeInstancesAfterBackupRestoration (0ms)
========================================================================
Worker process is ready to serve import requests
Import Worker Mode flag is 0x00
Begin MonoManager ReloadAssembly
C:\build\output\Unity-Technologies\mono\mono\metadata\icall.c:1842:
C:\build\output\Unity-Technologies\mono\mono\metadata\icall.c:1842:
C:\build\output\Unity-Technologies\mono\mono\metadata\icall.c:1842:
C:\build\output\Unity-Technologies\mono\mono\metadata\icall.c:1842:
C:\build\output\Unity-Technologies\mono\mono\metadata\icall.c:1842:
C:\build\output\Unity-Technologies\mono\mono\metadata\icall.c:1842:
C:\build\output\Unity-Technologies\mono\mono\metadata\icall.c:1842:
C:\build\output\Unity-Technologies\mono\mono\metadata\icall.c:1842:
C:\build\output\Unity-Technologies\mono\mono\metadata\icall.c:1842:
C:\build\output\Unity-Technologies\mono\mono\metadata\icall.c:1842:
C:\build\output\Unity-Technologies\mono\mono\metadata\icall.c:1842:
C:\build\output\Unity-Technologies\mono\mono\metadata\icall.c:1842:
Symbol file LoadedFromMemory doesn't match image D:\GITHUB\ppe2\ppe2\Library\PackageCache\com.unity.visualscripting@1.8.0\Editor\VisualScripting.Core\Dependencies\YamlDotNet\Unity.VisualScripting.YamlDotNet.dll
Symbol file LoadedFromMemory doesn't match image D:\GITHUB\ppe2\ppe2\Library\PackageCache\com.unity.visualscripting@1.8.0\Editor\VisualScripting.Core\Dependencies\DotNetZip\Unity.VisualScripting.IonicZip.dll
<<<<<<< Updated upstream
- Loaded All Assemblies, in  0.679 seconds
Refreshing native plugins compatible for Editor in 0.29 ms, found 3 plugins.
Native extension for Android target not found
Native extension for WindowsStandalone target not found
Mono: successfully reloaded assembly
- Finished resetting the current domain, in  0.619 seconds
Domain Reload Profiling: 1295ms
	BeginReloadAssembly (293ms)
=======
- Loaded All Assemblies, in  0.811 seconds
Refreshing native plugins compatible for Editor in 0.30 ms, found 3 plugins.
Native extension for Android target not found
Native extension for WindowsStandalone target not found
Mono: successfully reloaded assembly
- Finished resetting the current domain, in  0.704 seconds
Domain Reload Profiling: 1511ms
	BeginReloadAssembly (380ms)
>>>>>>> Stashed changes
		ExecutionOrderSort (0ms)
		DisableScriptedObjects (4ms)
		BackupInstance (0ms)
		ReleaseScriptingObjects (0ms)
<<<<<<< Updated upstream
		CreateAndSetChildDomain (25ms)
	RebuildCommonClasses (34ms)
	RebuildNativeTypeToScriptingClass (13ms)
	initialDomainReloadingComplete (32ms)
	LoadAllAssembliesAndSetupDomain (304ms)
		LoadAssemblies (239ms)
		RebuildTransferFunctionScriptingTraits (0ms)
		AnalyzeDomain (147ms)
			TypeCache.Refresh (125ms)
				TypeCache.ScanAssembly (111ms)
			BuildScriptInfoCaches (16ms)
			ResolveRequiredComponents (4ms)
	FinalizeReload (619ms)
		ReleaseScriptCaches (0ms)
		RebuildScriptCaches (0ms)
		SetupLoadedEditorAssemblies (447ms)
=======
		CreateAndSetChildDomain (30ms)
	RebuildCommonClasses (32ms)
	RebuildNativeTypeToScriptingClass (10ms)
	initialDomainReloadingComplete (34ms)
	LoadAllAssembliesAndSetupDomain (350ms)
		LoadAssemblies (299ms)
		RebuildTransferFunctionScriptingTraits (0ms)
		AnalyzeDomain (164ms)
			TypeCache.Refresh (140ms)
				TypeCache.ScanAssembly (127ms)
			BuildScriptInfoCaches (17ms)
			ResolveRequiredComponents (4ms)
	FinalizeReload (704ms)
		ReleaseScriptCaches (0ms)
		RebuildScriptCaches (0ms)
		SetupLoadedEditorAssemblies (513ms)
>>>>>>> Stashed changes
			LogAssemblyErrors (0ms)
			InitializePlatformSupportModulesInManaged (16ms)
			SetLoadedEditorAssemblies (4ms)
			BeforeProcessingInitializeOnLoad (30ms)
<<<<<<< Updated upstream
			ProcessInitializeOnLoadAttributes (375ms)
=======
			ProcessInitializeOnLoadAttributes (440ms)
			ProcessInitializeOnLoadMethodAttributes (17ms)
			AfterProcessingInitializeOnLoad (5ms)
			EditorAssembliesLoaded (0ms)
		ExecutionOrderSort2 (0ms)
		AwakeInstancesAfterBackupRestoration (9ms)
Shader 'WFX/Transparent Diffuse': fallback shader 'Particles/Alpha Blended' not found
Shader 'WFX/Transparent Specular': fallback shader 'Particles/Alpha Blended' not found
Launched and connected shader compiler UnityShaderCompiler.exe after 0.04 seconds
Refreshing native plugins compatible for Editor in 0.40 ms, found 3 plugins.
Preloading 0 native plugins for Editor in 0.00 ms.
Unloading 39 Unused Serialized files (Serialized files now loaded: 0)
Unloading 3312 unused Assets / (1.2 MB). Loaded Objects now: 3957.
Memory consumption went from 128.4 MB to 127.2 MB.
Total: 5.070000 ms (FindLiveObjects: 0.274600 ms CreateObjectMapping: 0.205200 ms MarkObjects: 3.711800 ms  DeleteObjects: 0.876800 ms)

========================================================================
Received Import Request.
  Time since last request: 332628.706684 seconds.
  path: Assets/Designer (4).jpeg
  artifactKey: Guid(21607a265fb902b4693c39fb40f95e1a) Importer(815301076,1909f56bfc062723c751e8b465ee728b)
Start importing Assets/Designer (4).jpeg using Guid(21607a265fb902b4693c39fb40f95e1a) Importer(815301076,1909f56bfc062723c751e8b465ee728b) (PreviewImporter) -> (artifact id: '863b1f015a70e3bfb346c73d409fc828') in 0.0590073 seconds
Number of updated asset objects reloaded before import = 0Number of asset objects unloaded after import = 2

========================================================================
Received Prepare
Begin MonoManager ReloadAssembly
C:\build\output\Unity-Technologies\mono\mono\metadata\icall.c:1842:
C:\build\output\Unity-Technologies\mono\mono\metadata\icall.c:1842:
C:\build\output\Unity-Technologies\mono\mono\metadata\icall.c:1842:
C:\build\output\Unity-Technologies\mono\mono\metadata\icall.c:1842:
C:\build\output\Unity-Technologies\mono\mono\metadata\icall.c:1842:
C:\build\output\Unity-Technologies\mono\mono\metadata\icall.c:1842:
C:\build\output\Unity-Technologies\mono\mono\metadata\icall.c:1842:
C:\build\output\Unity-Technologies\mono\mono\metadata\icall.c:1842:
C:\build\output\Unity-Technologies\mono\mono\metadata\icall.c:1842:
C:\build\output\Unity-Technologies\mono\mono\metadata\icall.c:1842:
C:\build\output\Unity-Technologies\mono\mono\metadata\icall.c:1842:
C:\build\output\Unity-Technologies\mono\mono\metadata\icall.c:1842:
Symbol file LoadedFromMemory doesn't match image D:\GITHUB\ppe2\ppe2\Library\PackageCache\com.unity.visualscripting@1.8.0\Editor\VisualScripting.Core\Dependencies\YamlDotNet\Unity.VisualScripting.YamlDotNet.dll
Symbol file LoadedFromMemory doesn't match image D:\GITHUB\ppe2\ppe2\Library\PackageCache\com.unity.visualscripting@1.8.0\Editor\VisualScripting.Core\Dependencies\DotNetZip\Unity.VisualScripting.IonicZip.dll
- Loaded All Assemblies, in  0.496 seconds
Refreshing native plugins compatible for Editor in 0.53 ms, found 3 plugins.
Native extension for Android target not found
Native extension for WindowsStandalone target not found
Mono: successfully reloaded assembly
- Finished resetting the current domain, in  0.661 seconds
Domain Reload Profiling: 1156ms
	BeginReloadAssembly (161ms)
		ExecutionOrderSort (0ms)
		DisableScriptedObjects (4ms)
		BackupInstance (0ms)
		ReleaseScriptingObjects (0ms)
		CreateAndSetChildDomain (38ms)
	RebuildCommonClasses (37ms)
	RebuildNativeTypeToScriptingClass (11ms)
	initialDomainReloadingComplete (22ms)
	LoadAllAssembliesAndSetupDomain (263ms)
		LoadAssemblies (245ms)
		RebuildTransferFunctionScriptingTraits (0ms)
		AnalyzeDomain (102ms)
			TypeCache.Refresh (5ms)
				TypeCache.ScanAssembly (0ms)
			BuildScriptInfoCaches (89ms)
			ResolveRequiredComponents (4ms)
	FinalizeReload (662ms)
		ReleaseScriptCaches (0ms)
		RebuildScriptCaches (0ms)
		SetupLoadedEditorAssemblies (485ms)
			LogAssemblyErrors (0ms)
			InitializePlatformSupportModulesInManaged (19ms)
			SetLoadedEditorAssemblies (3ms)
			BeforeProcessingInitializeOnLoad (35ms)
			ProcessInitializeOnLoadAttributes (405ms)
			ProcessInitializeOnLoadMethodAttributes (18ms)
			AfterProcessingInitializeOnLoad (5ms)
			EditorAssembliesLoaded (0ms)
		ExecutionOrderSort2 (0ms)
		AwakeInstancesAfterBackupRestoration (12ms)
Shader 'WFX/Transparent Diffuse': fallback shader 'Particles/Alpha Blended' not found
Shader 'WFX/Transparent Specular': fallback shader 'Particles/Alpha Blended' not found
Refreshing native plugins compatible for Editor in 0.35 ms, found 3 plugins.
Preloading 0 native plugins for Editor in 0.00 ms.
Unloading 2 Unused Serialized files (Serialized files now loaded: 0)
Unloading 3310 unused Assets / (0.8 MB). Loaded Objects now: 3962.
Memory consumption went from 121.9 MB to 121.1 MB.
Total: 6.171500 ms (FindLiveObjects: 0.278000 ms CreateObjectMapping: 0.212100 ms MarkObjects: 4.907700 ms  DeleteObjects: 0.772300 ms)

Prepare: number of updated asset objects reloaded= 0
========================================================================
Received Prepare
Begin MonoManager ReloadAssembly
C:\build\output\Unity-Technologies\mono\mono\metadata\icall.c:1842:
C:\build\output\Unity-Technologies\mono\mono\metadata\icall.c:1842:
C:\build\output\Unity-Technologies\mono\mono\metadata\icall.c:1842:
C:\build\output\Unity-Technologies\mono\mono\metadata\icall.c:1842:
C:\build\output\Unity-Technologies\mono\mono\metadata\icall.c:1842:
C:\build\output\Unity-Technologies\mono\mono\metadata\icall.c:1842:
C:\build\output\Unity-Technologies\mono\mono\metadata\icall.c:1842:
C:\build\output\Unity-Technologies\mono\mono\metadata\icall.c:1842:
C:\build\output\Unity-Technologies\mono\mono\metadata\icall.c:1842:
C:\build\output\Unity-Technologies\mono\mono\metadata\icall.c:1842:
C:\build\output\Unity-Technologies\mono\mono\metadata\icall.c:1842:
C:\build\output\Unity-Technologies\mono\mono\metadata\icall.c:1842:
Symbol file LoadedFromMemory doesn't match image D:\GITHUB\ppe2\ppe2\Library\PackageCache\com.unity.visualscripting@1.8.0\Editor\VisualScripting.Core\Dependencies\YamlDotNet\Unity.VisualScripting.YamlDotNet.dll
Symbol file LoadedFromMemory doesn't match image D:\GITHUB\ppe2\ppe2\Library\PackageCache\com.unity.visualscripting@1.8.0\Editor\VisualScripting.Core\Dependencies\DotNetZip\Unity.VisualScripting.IonicZip.dll
- Loaded All Assemblies, in  0.472 seconds
Refreshing native plugins compatible for Editor in 0.55 ms, found 3 plugins.
Native extension for Android target not found
Native extension for WindowsStandalone target not found
Mono: successfully reloaded assembly
- Finished resetting the current domain, in  0.658 seconds
Domain Reload Profiling: 1128ms
	BeginReloadAssembly (154ms)
		ExecutionOrderSort (0ms)
		DisableScriptedObjects (4ms)
		BackupInstance (0ms)
		ReleaseScriptingObjects (0ms)
		CreateAndSetChildDomain (34ms)
	RebuildCommonClasses (28ms)
	RebuildNativeTypeToScriptingClass (10ms)
	initialDomainReloadingComplete (21ms)
	LoadAllAssembliesAndSetupDomain (256ms)
		LoadAssemblies (241ms)
		RebuildTransferFunctionScriptingTraits (0ms)
		AnalyzeDomain (98ms)
			TypeCache.Refresh (5ms)
				TypeCache.ScanAssembly (0ms)
			BuildScriptInfoCaches (87ms)
			ResolveRequiredComponents (4ms)
	FinalizeReload (658ms)
		ReleaseScriptCaches (0ms)
		RebuildScriptCaches (0ms)
		SetupLoadedEditorAssemblies (476ms)
			LogAssemblyErrors (0ms)
			InitializePlatformSupportModulesInManaged (17ms)
			SetLoadedEditorAssemblies (4ms)
			BeforeProcessingInitializeOnLoad (34ms)
			ProcessInitializeOnLoadAttributes (397ms)
			ProcessInitializeOnLoadMethodAttributes (19ms)
			AfterProcessingInitializeOnLoad (6ms)
			EditorAssembliesLoaded (0ms)
		ExecutionOrderSort2 (0ms)
		AwakeInstancesAfterBackupRestoration (14ms)
Shader 'WFX/Transparent Diffuse': fallback shader 'Particles/Alpha Blended' not found
Shader 'WFX/Transparent Specular': fallback shader 'Particles/Alpha Blended' not found
Refreshing native plugins compatible for Editor in 0.37 ms, found 3 plugins.
Preloading 0 native plugins for Editor in 0.00 ms.
Unloading 2 Unused Serialized files (Serialized files now loaded: 0)
Unloading 3310 unused Assets / (0.9 MB). Loaded Objects now: 3962.
Memory consumption went from 123.8 MB to 122.9 MB.
Total: 5.394000 ms (FindLiveObjects: 0.352700 ms CreateObjectMapping: 0.303400 ms MarkObjects: 3.907400 ms  DeleteObjects: 0.829100 ms)

Prepare: number of updated asset objects reloaded= 0
========================================================================
Received Import Request.
  Time since last request: 423.696689 seconds.
  path: Assets/EnemyFollow.cs
  artifactKey: Guid(30f4a062d5e3ca442a4f4212ed115dcf) Importer(815301076,1909f56bfc062723c751e8b465ee728b)
Start importing Assets/EnemyFollow.cs using Guid(30f4a062d5e3ca442a4f4212ed115dcf) Importer(815301076,1909f56bfc062723c751e8b465ee728b) (PreviewImporter) -> (artifact id: 'd3f0f527642516a831f188576e48135e') in 0.0079379 seconds
Number of updated asset objects reloaded before import = 0Number of asset objects unloaded after import = 0

========================================================================
Received Prepare
Shader 'WFX/Transparent Diffuse': fallback shader 'Particles/Alpha Blended' not found
Shader 'WFX/Transparent Specular': fallback shader 'Particles/Alpha Blended' not found
Refreshing native plugins compatible for Editor in 0.65 ms, found 3 plugins.
Preloading 0 native plugins for Editor in 0.00 ms.
Unloading 0 Unused Serialized files (Serialized files now loaded: 0)
Unloading 3302 unused Assets / (0.9 MB). Loaded Objects now: 3962.
Memory consumption went from 123.5 MB to 122.6 MB.
Total: 7.696900 ms (FindLiveObjects: 0.503000 ms CreateObjectMapping: 0.538400 ms MarkObjects: 5.775600 ms  DeleteObjects: 0.878100 ms)

Prepare: number of updated asset objects reloaded= 0
========================================================================
Received Import Request.
  Time since last request: 156.534886 seconds.
  path: Assets/EnemyFollow.cs
  artifactKey: Guid(30f4a062d5e3ca442a4f4212ed115dcf) Importer(815301076,1909f56bfc062723c751e8b465ee728b)
Start importing Assets/EnemyFollow.cs using Guid(30f4a062d5e3ca442a4f4212ed115dcf) Importer(815301076,1909f56bfc062723c751e8b465ee728b) (PreviewImporter) -> (artifact id: '396266179dee9b37d3bf36f5b16eee1b') in 0.0047674 seconds
Number of updated asset objects reloaded before import = 0Number of asset objects unloaded after import = 0

========================================================================
Received Import Request.
  Time since last request: 43.641507 seconds.
  path: Assets/Scripts/Others
  artifactKey: Guid(d604f3dee2be46646a7580c3508f80d2) Importer(815301076,1909f56bfc062723c751e8b465ee728b)
Start importing Assets/Scripts/Others using Guid(d604f3dee2be46646a7580c3508f80d2) Importer(815301076,1909f56bfc062723c751e8b465ee728b) (PreviewImporter) -> (artifact id: '4afac0ffdcc6720d46ba68486107c1ab') in 0.0006636 seconds
Number of updated asset objects reloaded before import = 0Number of asset objects unloaded after import = 0

========================================================================
Received Prepare
Shader 'WFX/Transparent Diffuse': fallback shader 'Particles/Alpha Blended' not found
Shader 'WFX/Transparent Specular': fallback shader 'Particles/Alpha Blended' not found
Refreshing native plugins compatible for Editor in 0.34 ms, found 3 plugins.
Preloading 0 native plugins for Editor in 0.00 ms.
Unloading 0 Unused Serialized files (Serialized files now loaded: 0)
Unloading 3303 unused Assets / (0.9 MB). Loaded Objects now: 3963.
Memory consumption went from 123.5 MB to 122.6 MB.
Total: 5.606300 ms (FindLiveObjects: 0.617800 ms CreateObjectMapping: 0.211700 ms MarkObjects: 4.053800 ms  DeleteObjects: 0.721500 ms)

Prepare: number of updated asset objects reloaded= 0
========================================================================
Received Prepare
Begin MonoManager ReloadAssembly
C:\build\output\Unity-Technologies\mono\mono\metadata\icall.c:1842:
C:\build\output\Unity-Technologies\mono\mono\metadata\icall.c:1842:
C:\build\output\Unity-Technologies\mono\mono\metadata\icall.c:1842:
C:\build\output\Unity-Technologies\mono\mono\metadata\icall.c:1842:
C:\build\output\Unity-Technologies\mono\mono\metadata\icall.c:1842:
C:\build\output\Unity-Technologies\mono\mono\metadata\icall.c:1842:
C:\build\output\Unity-Technologies\mono\mono\metadata\icall.c:1842:
C:\build\output\Unity-Technologies\mono\mono\metadata\icall.c:1842:
C:\build\output\Unity-Technologies\mono\mono\metadata\icall.c:1842:
C:\build\output\Unity-Technologies\mono\mono\metadata\icall.c:1842:
C:\build\output\Unity-Technologies\mono\mono\metadata\icall.c:1842:
C:\build\output\Unity-Technologies\mono\mono\metadata\icall.c:1842:
Symbol file LoadedFromMemory doesn't match image D:\GITHUB\ppe2\ppe2\Library\PackageCache\com.unity.visualscripting@1.8.0\Editor\VisualScripting.Core\Dependencies\YamlDotNet\Unity.VisualScripting.YamlDotNet.dll
Symbol file LoadedFromMemory doesn't match image D:\GITHUB\ppe2\ppe2\Library\PackageCache\com.unity.visualscripting@1.8.0\Editor\VisualScripting.Core\Dependencies\DotNetZip\Unity.VisualScripting.IonicZip.dll
- Loaded All Assemblies, in  0.526 seconds
Refreshing native plugins compatible for Editor in 0.31 ms, found 3 plugins.
Native extension for Android target not found
Native extension for WindowsStandalone target not found
Mono: successfully reloaded assembly
- Finished resetting the current domain, in  0.682 seconds
Domain Reload Profiling: 1207ms
	BeginReloadAssembly (182ms)
		ExecutionOrderSort (0ms)
		DisableScriptedObjects (5ms)
		BackupInstance (0ms)
		ReleaseScriptingObjects (0ms)
		CreateAndSetChildDomain (38ms)
	RebuildCommonClasses (30ms)
	RebuildNativeTypeToScriptingClass (10ms)
	initialDomainReloadingComplete (24ms)
	LoadAllAssembliesAndSetupDomain (277ms)
		LoadAssemblies (265ms)
		RebuildTransferFunctionScriptingTraits (0ms)
		AnalyzeDomain (110ms)
			TypeCache.Refresh (8ms)
				TypeCache.ScanAssembly (2ms)
			BuildScriptInfoCaches (96ms)
			ResolveRequiredComponents (4ms)
	FinalizeReload (683ms)
		ReleaseScriptCaches (0ms)
		RebuildScriptCaches (0ms)
		SetupLoadedEditorAssemblies (493ms)
			LogAssemblyErrors (0ms)
			InitializePlatformSupportModulesInManaged (23ms)
			SetLoadedEditorAssemblies (3ms)
			BeforeProcessingInitializeOnLoad (37ms)
			ProcessInitializeOnLoadAttributes (408ms)
>>>>>>> Stashed changes
			ProcessInitializeOnLoadMethodAttributes (17ms)
			AfterProcessingInitializeOnLoad (5ms)
			EditorAssembliesLoaded (0ms)
		ExecutionOrderSort2 (0ms)
<<<<<<< Updated upstream
		AwakeInstancesAfterBackupRestoration (8ms)
Shader 'WFX/Transparent Specular': fallback shader 'Particles/Alpha Blended' not found
Shader 'WFX/Transparent Diffuse': fallback shader 'Particles/Alpha Blended' not found
Launched and connected shader compiler UnityShaderCompiler.exe after 0.03 seconds
Refreshing native plugins compatible for Editor in 0.37 ms, found 3 plugins.
Preloading 0 native plugins for Editor in 0.00 ms.
Unloading 39 Unused Serialized files (Serialized files now loaded: 0)
Unloading 3312 unused Assets / (1.2 MB). Loaded Objects now: 3957.
Memory consumption went from 128.5 MB to 127.2 MB.
Total: 5.084000 ms (FindLiveObjects: 0.306600 ms CreateObjectMapping: 0.208700 ms MarkObjects: 3.718100 ms  DeleteObjects: 0.847300 ms)

========================================================================
Received Import Request.
  Time since last request: 314942.687806 seconds.
  path: Assets/EXTERN/Mimic
  artifactKey: Guid(68f91a77b4be09e4fb3828fa8e151d19) Importer(815301076,1909f56bfc062723c751e8b465ee728b)
Start importing Assets/EXTERN/Mimic using Guid(68f91a77b4be09e4fb3828fa8e151d19) Importer(815301076,1909f56bfc062723c751e8b465ee728b) (PreviewImporter) -> (artifact id: 'c343ff4b847aab4714fb55503a84d488') in 0.0055879 seconds
Number of updated asset objects reloaded before import = 0Number of asset objects unloaded after import = 0

========================================================================
Received Import Request.
  Time since last request: 1.743887 seconds.
  path: Assets/EXTERN/Mimic/Prefabs
  artifactKey: Guid(5daf3912fe58ff046807e147a208ac50) Importer(815301076,1909f56bfc062723c751e8b465ee728b)
Start importing Assets/EXTERN/Mimic/Prefabs using Guid(5daf3912fe58ff046807e147a208ac50) Importer(815301076,1909f56bfc062723c751e8b465ee728b) (PreviewImporter) -> (artifact id: '4addd9a84a4af87b4a9c9ffc9b2df59c') in 0.0020775 seconds
Number of updated asset objects reloaded before import = 0Number of asset objects unloaded after import = 0

========================================================================
Received Import Request.
  Time since last request: 26.615410 seconds.
  path: Assets/EXTERN
  artifactKey: Guid(3f9e33c60ebfe1a4096da685adc3e430) Importer(815301076,1909f56bfc062723c751e8b465ee728b)
Start importing Assets/EXTERN using Guid(3f9e33c60ebfe1a4096da685adc3e430) Importer(815301076,1909f56bfc062723c751e8b465ee728b) (PreviewImporter) -> (artifact id: 'a381a9abe503cfa7171a734acb085622') in 0.0004455 seconds
Number of updated asset objects reloaded before import = 0Number of asset objects unloaded after import = 0

========================================================================
Received Import Request.
  Time since last request: 1.319230 seconds.
  path: Assets/EXTERN/Yoge
  artifactKey: Guid(4e56b23a76f5d97448d9f1ab7064ec36) Importer(815301076,1909f56bfc062723c751e8b465ee728b)
Start importing Assets/EXTERN/Yoge using Guid(4e56b23a76f5d97448d9f1ab7064ec36) Importer(815301076,1909f56bfc062723c751e8b465ee728b) (PreviewImporter) -> (artifact id: '0b6bc567299492dca5081958711c8f02') in 0.0003856 seconds
Number of updated asset objects reloaded before import = 0Number of asset objects unloaded after import = 0

========================================================================
Received Import Request.
  Time since last request: 1.172586 seconds.
  path: Assets/EXTERN/Yoge/Textures
  artifactKey: Guid(b103182da9e32e04aa356300144159bd) Importer(815301076,1909f56bfc062723c751e8b465ee728b)
Start importing Assets/EXTERN/Yoge/Textures using Guid(b103182da9e32e04aa356300144159bd) Importer(815301076,1909f56bfc062723c751e8b465ee728b) (PreviewImporter) -> (artifact id: 'c2ff101cbb6c5c2b1c4018a7aa1571ec') in 0.0003731 seconds
Number of updated asset objects reloaded before import = 0Number of asset objects unloaded after import = 0

========================================================================
Received Import Request.
  Time since last request: 0.855124 seconds.
  path: Assets/EXTERN/Yoge/Textures/Stylized - Nature
  artifactKey: Guid(584b4711adcaa9a4d970ddb9f6eabc2d) Importer(815301076,1909f56bfc062723c751e8b465ee728b)
Start importing Assets/EXTERN/Yoge/Textures/Stylized - Nature using Guid(584b4711adcaa9a4d970ddb9f6eabc2d) Importer(815301076,1909f56bfc062723c751e8b465ee728b) (PreviewImporter) -> (artifact id: '47ec89b5ad415af196efc7b7f3af3752') in 0.0018799 seconds
Number of updated asset objects reloaded before import = 0Number of asset objects unloaded after import = 0

========================================================================
Received Import Request.
  Time since last request: 0.067377 seconds.
  path: Assets/EXTERN/Yoge/Textures/Stylized - Nature/Texture_1_Diffuse.png
  artifactKey: Guid(5917067bbc97e6f48a8d61992e76b800) Importer(815301076,1909f56bfc062723c751e8b465ee728b)
Start importing Assets/EXTERN/Yoge/Textures/Stylized - Nature/Texture_1_Diffuse.png using Guid(5917067bbc97e6f48a8d61992e76b800) Importer(815301076,1909f56bfc062723c751e8b465ee728b) (PreviewImporter) -> (artifact id: 'c51e57f779e02f4d85432f2370dd5b8d') in 0.0482102 seconds
Number of updated asset objects reloaded before import = 0Number of asset objects unloaded after import = 2

========================================================================
Received Import Request.
  Time since last request: 0.054113 seconds.
  path: Assets/EXTERN/Yoge/Textures/Stylized - Nature/Texture_2_Diffuse.png
  artifactKey: Guid(68d11a855d017ab4a8c9babf9b26a677) Importer(815301076,1909f56bfc062723c751e8b465ee728b)
Start importing Assets/EXTERN/Yoge/Textures/Stylized - Nature/Texture_2_Diffuse.png using Guid(68d11a855d017ab4a8c9babf9b26a677) Importer(815301076,1909f56bfc062723c751e8b465ee728b) (PreviewImporter) -> (artifact id: 'fb0d918f6ced793f581cce0c2abdcbc7') in 0.0195625 seconds
Number of updated asset objects reloaded before import = 0Number of asset objects unloaded after import = 2

========================================================================
Received Import Request.
  Time since last request: 0.060887 seconds.
  path: Assets/EXTERN/Yoge/Textures/Stylized - Nature/Texture_2_Diffuse2.png
  artifactKey: Guid(03e87c55c9c8a0a48aa7d25ebafb26b2) Importer(815301076,1909f56bfc062723c751e8b465ee728b)
Start importing Assets/EXTERN/Yoge/Textures/Stylized - Nature/Texture_2_Diffuse2.png using Guid(03e87c55c9c8a0a48aa7d25ebafb26b2) Importer(815301076,1909f56bfc062723c751e8b465ee728b) (PreviewImporter) -> (artifact id: '8bc0b0c9259497b7030c3c505f54d5e4') in 0.0127129 seconds
Number of updated asset objects reloaded before import = 0Number of asset objects unloaded after import = 2

========================================================================
Received Import Request.
  Time since last request: 0.052775 seconds.
  path: Assets/EXTERN/Yoge/Textures/Stylized - Nature/Texture_3_Normal.png
  artifactKey: Guid(33d75accc1a06be429c9f0be65be8caa) Importer(815301076,1909f56bfc062723c751e8b465ee728b)
Start importing Assets/EXTERN/Yoge/Textures/Stylized - Nature/Texture_3_Normal.png using Guid(33d75accc1a06be429c9f0be65be8caa) Importer(815301076,1909f56bfc062723c751e8b465ee728b) (PreviewImporter) -> (artifact id: '8587236de7c1b3b362007801e5dc6e95') in 0.0229684 seconds
Number of updated asset objects reloaded before import = 0Number of asset objects unloaded after import = 2

========================================================================
Received Import Request.
  Time since last request: 0.000017 seconds.
  path: Assets/EXTERN/Yoge/Textures/Stylized - Nature/Texture_10_1_Normal.png
  artifactKey: Guid(8b5bf96084b1b1d448f46a5ebc9bdcfa) Importer(815301076,1909f56bfc062723c751e8b465ee728b)
Start importing Assets/EXTERN/Yoge/Textures/Stylized - Nature/Texture_10_1_Normal.png using Guid(8b5bf96084b1b1d448f46a5ebc9bdcfa) Importer(815301076,1909f56bfc062723c751e8b465ee728b) (PreviewImporter) -> (artifact id: '48586412f1edf66ecdd9bbfdc7ef4fc6') in 0.0147159 seconds
Number of updated asset objects reloaded before import = 0Number of asset objects unloaded after import = 2

========================================================================
Received Import Request.
  Time since last request: 0.000111 seconds.
  path: Assets/EXTERN/Yoge/Textures/Stylized - Nature/Texture_2_Normal.png
  artifactKey: Guid(293cb0b0636fbda4fba414611a7e96a2) Importer(815301076,1909f56bfc062723c751e8b465ee728b)
Start importing Assets/EXTERN/Yoge/Textures/Stylized - Nature/Texture_2_Normal.png using Guid(293cb0b0636fbda4fba414611a7e96a2) Importer(815301076,1909f56bfc062723c751e8b465ee728b) (PreviewImporter) -> (artifact id: '06cba61ebce6646aef164cb801699a65') in 0.0151822 seconds
Number of updated asset objects reloaded before import = 0Number of asset objects unloaded after import = 2

========================================================================
Received Import Request.
  Time since last request: 0.000046 seconds.
  path: Assets/EXTERN/Yoge/Textures/Stylized - Nature/Texture_6_Diffuse.png
  artifactKey: Guid(c37df54f4dbf847489daef9c80ce784e) Importer(815301076,1909f56bfc062723c751e8b465ee728b)
Start importing Assets/EXTERN/Yoge/Textures/Stylized - Nature/Texture_6_Diffuse.png using Guid(c37df54f4dbf847489daef9c80ce784e) Importer(815301076,1909f56bfc062723c751e8b465ee728b) (PreviewImporter) -> (artifact id: 'faf6ef0508e1c942fdf97539baf9da68') in 0.0109586 seconds
Number of updated asset objects reloaded before import = 0Number of asset objects unloaded after import = 2

========================================================================
Received Import Request.
  Time since last request: 0.000046 seconds.
  path: Assets/EXTERN/Yoge/Textures/Stylized - Nature/Texture_15_Normal.png
  artifactKey: Guid(ec1b57d11eed10645b6589d022fff38a) Importer(815301076,1909f56bfc062723c751e8b465ee728b)
Start importing Assets/EXTERN/Yoge/Textures/Stylized - Nature/Texture_15_Normal.png using Guid(ec1b57d11eed10645b6589d022fff38a) Importer(815301076,1909f56bfc062723c751e8b465ee728b) (PreviewImporter) -> (artifact id: '3c5ca2aeb9fd461a9574b5cdb17beaee') in 0.0122134 seconds
Number of updated asset objects reloaded before import = 0Number of asset objects unloaded after import = 2

========================================================================
Received Import Request.
  Time since last request: 0.000015 seconds.
  path: Assets/EXTERN/Yoge/Textures/Stylized - Nature/Texture_10_Diffuse.png
  artifactKey: Guid(6e271b03cd5ba2344935c933d9bad147) Importer(815301076,1909f56bfc062723c751e8b465ee728b)
Start importing Assets/EXTERN/Yoge/Textures/Stylized - Nature/Texture_10_Diffuse.png using Guid(6e271b03cd5ba2344935c933d9bad147) Importer(815301076,1909f56bfc062723c751e8b465ee728b) (PreviewImporter) -> (artifact id: '280aa07360881658125c94555a7886ce') in 0.0117913 seconds
Number of updated asset objects reloaded before import = 0Number of asset objects unloaded after import = 2

========================================================================
Received Import Request.
  Time since last request: 0.000079 seconds.
  path: Assets/EXTERN/Yoge/Textures/Stylized - Nature/Texture_12_Normal.png
  artifactKey: Guid(c3507247833e38542afdd8d1b336d9aa) Importer(815301076,1909f56bfc062723c751e8b465ee728b)
Start importing Assets/EXTERN/Yoge/Textures/Stylized - Nature/Texture_12_Normal.png using Guid(c3507247833e38542afdd8d1b336d9aa) Importer(815301076,1909f56bfc062723c751e8b465ee728b) (PreviewImporter) -> (artifact id: '5f421fc23d9bb5fc44e82137c1ef0bad') in 0.0128814 seconds
Number of updated asset objects reloaded before import = 0Number of asset objects unloaded after import = 2

========================================================================
Received Import Request.
  Time since last request: 0.000028 seconds.
  path: Assets/EXTERN/Yoge/Textures/Stylized - Nature/Texture_6_1_Diffuse.png
  artifactKey: Guid(3070d37c4c38ef54795c765e99fafd8b) Importer(815301076,1909f56bfc062723c751e8b465ee728b)
Start importing Assets/EXTERN/Yoge/Textures/Stylized - Nature/Texture_6_1_Diffuse.png using Guid(3070d37c4c38ef54795c765e99fafd8b) Importer(815301076,1909f56bfc062723c751e8b465ee728b) (PreviewImporter) -> (artifact id: 'd09525d027ba4cb0445159fb18f8eedb') in 0.0102611 seconds
Number of updated asset objects reloaded before import = 0Number of asset objects unloaded after import = 2

========================================================================
Received Import Request.
  Time since last request: 0.000061 seconds.
  path: Assets/EXTERN/Yoge/Textures/Stylized - Nature/Texture_5_1_Diffuse.png
  artifactKey: Guid(f2b9a24d37016624fb3da6b13b56fe8f) Importer(815301076,1909f56bfc062723c751e8b465ee728b)
Start importing Assets/EXTERN/Yoge/Textures/Stylized - Nature/Texture_5_1_Diffuse.png using Guid(f2b9a24d37016624fb3da6b13b56fe8f) Importer(815301076,1909f56bfc062723c751e8b465ee728b) (PreviewImporter) -> (artifact id: '018e3f2001c10b425079d6e8f09a68fd') in 0.0117182 seconds
Number of updated asset objects reloaded before import = 0Number of asset objects unloaded after import = 2
=======
		AwakeInstancesAfterBackupRestoration (12ms)
Shader 'WFX/Transparent Diffuse': fallback shader 'Particles/Alpha Blended' not found
Shader 'WFX/Transparent Specular': fallback shader 'Particles/Alpha Blended' not found
Refreshing native plugins compatible for Editor in 0.34 ms, found 3 plugins.
Preloading 0 native plugins for Editor in 0.00 ms.
Unloading 2 Unused Serialized files (Serialized files now loaded: 0)
Unloading 3311 unused Assets / (0.9 MB). Loaded Objects now: 3963.
Memory consumption went from 125.8 MB to 124.8 MB.
Total: 4.759100 ms (FindLiveObjects: 0.270800 ms CreateObjectMapping: 0.198200 ms MarkObjects: 3.417100 ms  DeleteObjects: 0.871700 ms)

Prepare: number of updated asset objects reloaded= 0
========================================================================
Received Import Request.
  Time since last request: 26.222875 seconds.
  path: Assets/Scripts/Others/GameCore.cs
  artifactKey: Guid(09ced0b3c0792a8488b00af6e219b019) Importer(815301076,1909f56bfc062723c751e8b465ee728b)
Start importing Assets/Scripts/Others/GameCore.cs using Guid(09ced0b3c0792a8488b00af6e219b019) Importer(815301076,1909f56bfc062723c751e8b465ee728b) (PreviewImporter) -> (artifact id: '886ba5456a45821025399e3e7063eab8') in 0.0070874 seconds
Number of updated asset objects reloaded before import = 0Number of asset objects unloaded after import = 0

========================================================================
Received Import Request.
  Time since last request: 14.146205 seconds.
  path: Assets/Prefabs/alien (2).prefab
  artifactKey: Guid(f54ec1cd10f1cb34da661360f4c1c871) Importer(815301076,1909f56bfc062723c751e8b465ee728b)
Start importing Assets/Prefabs/alien (2).prefab using Guid(f54ec1cd10f1cb34da661360f4c1c871) Importer(815301076,1909f56bfc062723c751e8b465ee728b) (PreviewImporter) -> (artifact id: 'ad8bb11d4ae0a12e6bd51068da3123dd') in 0.1244128 seconds
Internal: There are remaining Allocations on the JobTempAlloc. This is a leak, and will impact performance
To Debug, run app with -diag-job-temp-memory-leak-validation cmd line argument. This will output the callstacks of the leaked allocations.
Number of updated asset objects reloaded before import = 0Number of asset objects unloaded after import = 911

========================================================================
Received Import Request.
  Time since last request: 0.008521 seconds.
  path: Assets/Prefabs/HealthPill.prefab
  artifactKey: Guid(48f58bbcc6565264d89c6e295738c2d8) Importer(815301076,1909f56bfc062723c751e8b465ee728b)
Start importing Assets/Prefabs/HealthPill.prefab using Guid(48f58bbcc6565264d89c6e295738c2d8) Importer(815301076,1909f56bfc062723c751e8b465ee728b) (PreviewImporter) -> (artifact id: 'b046dacc148753a8a64fef0cb29d5491') in 0.0106943 seconds
Internal: There are remaining Allocations on the JobTempAlloc. This is a leak, and will impact performance
To Debug, run app with -diag-job-temp-memory-leak-validation cmd line argument. This will output the callstacks of the leaked allocations.
Number of updated asset objects reloaded before import = 0Number of asset objects unloaded after import = 8

========================================================================
Received Import Request.
  Time since last request: 0.000017 seconds.
  path: Assets/Prefabs/thc6.prefab
  artifactKey: Guid(47555204182b03d44a80c267b0b23daa) Importer(815301076,1909f56bfc062723c751e8b465ee728b)
Start importing Assets/Prefabs/thc6.prefab using Guid(47555204182b03d44a80c267b0b23daa) Importer(815301076,1909f56bfc062723c751e8b465ee728b) (PreviewImporter) -> (artifact id: 'b18df9b6370911e8775725cd32e370d4') in 0.2106975 seconds
Internal: There are remaining Allocations on the JobTempAlloc. This is a leak, and will impact performance
To Debug, run app with -diag-job-temp-memory-leak-validation cmd line argument. This will output the callstacks of the leaked allocations.
Number of updated asset objects reloaded before import = 0Number of asset objects unloaded after import = 1389

========================================================================
Received Import Request.
  Time since last request: 0.000033 seconds.
  path: Assets/Prefabs/Pistol 1 1.prefab
  artifactKey: Guid(866ef68dd5e77734ea5607d0320c23bd) Importer(815301076,1909f56bfc062723c751e8b465ee728b)
Start importing Assets/Prefabs/Pistol 1 1.prefab using Guid(866ef68dd5e77734ea5607d0320c23bd) Importer(815301076,1909f56bfc062723c751e8b465ee728b) (PreviewImporter) -> (artifact id: '9d30b81062840fee12b12988412a70fa') in 0.0091505 seconds
Internal: There are remaining Allocations on the JobTempAlloc. This is a leak, and will impact performance
To Debug, run app with -diag-job-temp-memory-leak-validation cmd line argument. This will output the callstacks of the leaked allocations.
Number of updated asset objects reloaded before import = 0Number of asset objects unloaded after import = 20

========================================================================
Received Import Request.
  Time since last request: 0.000026 seconds.
  path: Assets/Prefabs/ShotGun 1.prefab
  artifactKey: Guid(7da9b7f1f9995c249b53b45c5ffe5a1f) Importer(815301076,1909f56bfc062723c751e8b465ee728b)
Start importing Assets/Prefabs/ShotGun 1.prefab using Guid(7da9b7f1f9995c249b53b45c5ffe5a1f) Importer(815301076,1909f56bfc062723c751e8b465ee728b) (PreviewImporter) -> (artifact id: '1c8eee0ed3fda60df03080eaa3d932d0') in 0.0075725 seconds
Internal: There are remaining Allocations on the JobTempAlloc. This is a leak, and will impact performance
To Debug, run app with -diag-job-temp-memory-leak-validation cmd line argument. This will output the callstacks of the leaked allocations.
Number of updated asset objects reloaded before import = 0Number of asset objects unloaded after import = 11

========================================================================
Received Import Request.
  Time since last request: 1.802063 seconds.
  path: Assets/EXTERN/AliensAndMarines/Prefabs/AlienHQ.prefab
  artifactKey: Guid(35267c89ec4a9b348a6d93fbe12f3b84) Importer(815301076,1909f56bfc062723c751e8b465ee728b)
Start importing Assets/EXTERN/AliensAndMarines/Prefabs/AlienHQ.prefab using Guid(35267c89ec4a9b348a6d93fbe12f3b84) Importer(815301076,1909f56bfc062723c751e8b465ee728b) (PreviewImporter) -> (artifact id: 'a5bcaa92f28baa9a1f927809671f0b25') in 0.0770857 seconds
Internal: There are remaining Allocations on the JobTempAlloc. This is a leak, and will impact performance
To Debug, run app with -diag-job-temp-memory-leak-validation cmd line argument. This will output the callstacks of the leaked allocations.
Number of updated asset objects reloaded before import = 0Number of asset objects unloaded after import = 89

========================================================================
Received Import Request.
  Time since last request: 0.000037 seconds.
  path: Assets/EXTERN/Extreme Sci-Fi LITE/Prefabs/Lights/Ceiling_Light_1D.prefab
  artifactKey: Guid(84f5ea3d5988a4e45b7f5957c93d5dfc) Importer(815301076,1909f56bfc062723c751e8b465ee728b)
Start importing Assets/EXTERN/Extreme Sci-Fi LITE/Prefabs/Lights/Ceiling_Light_1D.prefab using Guid(84f5ea3d5988a4e45b7f5957c93d5dfc) Importer(815301076,1909f56bfc062723c751e8b465ee728b) (PreviewImporter) -> (artifact id: '3525c18a1724bf9c2a56f6f1e517842f') in 0.0206357 seconds
Internal: There are remaining Allocations on the JobTempAlloc. This is a leak, and will impact performance
To Debug, run app with -diag-job-temp-memory-leak-validation cmd line argument. This will output the callstacks of the leaked allocations.
Number of updated asset objects reloaded before import = 0Number of asset objects unloaded after import = 14

========================================================================
Received Import Request.
  Time since last request: 0.000032 seconds.
  path: Assets/EXTERN/Go Systems/GoCharacterController/script/prefab/camera.prefab
  artifactKey: Guid(fafecc5633868d74db54208bac7355a5) Importer(815301076,1909f56bfc062723c751e8b465ee728b)
Start importing Assets/EXTERN/Go Systems/GoCharacterController/script/prefab/camera.prefab using Guid(fafecc5633868d74db54208bac7355a5) Importer(815301076,1909f56bfc062723c751e8b465ee728b) (PreviewImporter) -> (artifact id: 'fc8b3ee7de5bd3dc24c94a5e28cbf9eb') in 0.0027496 seconds
Internal: There are remaining Allocations on the JobTempAlloc. This is a leak, and will impact performance
To Debug, run app with -diag-job-temp-memory-leak-validation cmd line argument. This will output the callstacks of the leaked allocations.
Number of updated asset objects reloaded before import = 0Number of asset objects unloaded after import = 7

========================================================================
Received Import Request.
  Time since last request: 0.000016 seconds.
  path: Assets/EXTERN/Extreme Sci-Fi LITE/Prefabs/Lights/Ceiling_Light_1B.prefab
  artifactKey: Guid(89bd4543a5407754f9caa0dbd4e0992d) Importer(815301076,1909f56bfc062723c751e8b465ee728b)
Start importing Assets/EXTERN/Extreme Sci-Fi LITE/Prefabs/Lights/Ceiling_Light_1B.prefab using Guid(89bd4543a5407754f9caa0dbd4e0992d) Importer(815301076,1909f56bfc062723c751e8b465ee728b) (PreviewImporter) -> (artifact id: '6ad65a6cb475c660ac2994433d9a949f') in 0.0103097 seconds
Internal: There are remaining Allocations on the JobTempAlloc. This is a leak, and will impact performance
To Debug, run app with -diag-job-temp-memory-leak-validation cmd line argument. This will output the callstacks of the leaked allocations.
Number of updated asset objects reloaded before import = 0Number of asset objects unloaded after import = 14
>>>>>>> Stashed changes

========================================================================
Received Import Request.
  Time since last request: 0.000019 seconds.
<<<<<<< Updated upstream
  path: Assets/EXTERN/Yoge/Textures/Stylized - Nature/Texture_6_1_Normal.png
  artifactKey: Guid(923dc8fa4fbcbd346a446fb8afe0b709) Importer(815301076,1909f56bfc062723c751e8b465ee728b)
Start importing Assets/EXTERN/Yoge/Textures/Stylized - Nature/Texture_6_1_Normal.png using Guid(923dc8fa4fbcbd346a446fb8afe0b709) Importer(815301076,1909f56bfc062723c751e8b465ee728b) (PreviewImporter) -> (artifact id: '419dcc1b518f9bf3c266765e8d1434f3') in 0.0114001 seconds
Number of updated asset objects reloaded before import = 0Number of asset objects unloaded after import = 2
=======
  path: Assets/EXTERN/Extreme Sci-Fi LITE/Prefabs/Lights/Ceiling_Light_1A.prefab
  artifactKey: Guid(fae83c9681a77134f8a93ad5215f3505) Importer(815301076,1909f56bfc062723c751e8b465ee728b)
Start importing Assets/EXTERN/Extreme Sci-Fi LITE/Prefabs/Lights/Ceiling_Light_1A.prefab using Guid(fae83c9681a77134f8a93ad5215f3505) Importer(815301076,1909f56bfc062723c751e8b465ee728b) (PreviewImporter) -> (artifact id: '0566b4f089ad990f2ea2d1e6a137b364') in 0.0104053 seconds
Internal: JobTempAlloc has allocations that are more than the maximum lifespan of 4 frames old - this is not allowed and likely a leak
To Debug, run app with -diag-job-temp-memory-leak-validation cmd line argument. This will output the callstacks of the leaked allocations.
Internal: There are remaining Allocations on the JobTempAlloc. This is a leak, and will impact performance
To Debug, run app with -diag-job-temp-memory-leak-validation cmd line argument. This will output the callstacks of the leaked allocations.
Number of updated asset objects reloaded before import = 0Number of asset objects unloaded after import = 14
>>>>>>> Stashed changes

========================================================================
Received Import Request.
  Time since last request: 0.000016 seconds.
<<<<<<< Updated upstream
  path: Assets/EXTERN/Yoge/Textures/Stylized - Nature/Texture_4_Diffuse2.png
  artifactKey: Guid(f3de70978b3ab274694483b05eced126) Importer(815301076,1909f56bfc062723c751e8b465ee728b)
Start importing Assets/EXTERN/Yoge/Textures/Stylized - Nature/Texture_4_Diffuse2.png using Guid(f3de70978b3ab274694483b05eced126) Importer(815301076,1909f56bfc062723c751e8b465ee728b) (PreviewImporter) -> (artifact id: '89fb729d48f0d5c8358f3979f8d00844') in 0.0113444 seconds
Number of updated asset objects reloaded before import = 0Number of asset objects unloaded after import = 2

========================================================================
Received Import Request.
  Time since last request: 0.000050 seconds.
  path: Assets/EXTERN/Yoge/Textures/Stylized - Nature/Texture_10_1_Diffuse.png
  artifactKey: Guid(f5b08884e8079c542b618a4659935aef) Importer(815301076,1909f56bfc062723c751e8b465ee728b)
Start importing Assets/EXTERN/Yoge/Textures/Stylized - Nature/Texture_10_1_Diffuse.png using Guid(f5b08884e8079c542b618a4659935aef) Importer(815301076,1909f56bfc062723c751e8b465ee728b) (PreviewImporter) -> (artifact id: '446a2838b6414066c593ae6992e0ba0c') in 0.0104278 seconds
Number of updated asset objects reloaded before import = 0Number of asset objects unloaded after import = 2
=======
  path: Assets/EXTERN/Extreme Sci-Fi LITE/Prefabs/Lights/Ceiling_Light_1F.prefab
  artifactKey: Guid(414fdd6f3c287454590fec3dcc49392e) Importer(815301076,1909f56bfc062723c751e8b465ee728b)
Start importing Assets/EXTERN/Extreme Sci-Fi LITE/Prefabs/Lights/Ceiling_Light_1F.prefab using Guid(414fdd6f3c287454590fec3dcc49392e) Importer(815301076,1909f56bfc062723c751e8b465ee728b) (PreviewImporter) -> (artifact id: '79c51bf7748b407c7b5883cb32015989') in 0.0086949 seconds
Internal: There are remaining Allocations on the JobTempAlloc. This is a leak, and will impact performance
To Debug, run app with -diag-job-temp-memory-leak-validation cmd line argument. This will output the callstacks of the leaked allocations.
Number of updated asset objects reloaded before import = 0Number of asset objects unloaded after import = 14

========================================================================
Received Import Request.
  Time since last request: 0.000015 seconds.
  path: Assets/EXTERN/Extreme Sci-Fi LITE/Prefabs/Corridors, and Doors/Corridor_1D.prefab
  artifactKey: Guid(def79446480c2df4a86f31e6aaebb356) Importer(815301076,1909f56bfc062723c751e8b465ee728b)
Start importing Assets/EXTERN/Extreme Sci-Fi LITE/Prefabs/Corridors, and Doors/Corridor_1D.prefab using Guid(def79446480c2df4a86f31e6aaebb356) Importer(815301076,1909f56bfc062723c751e8b465ee728b) (PreviewImporter) -> (artifact id: '2349f1329cc7c78a982f5dc1c6d43127') in 0.0184053 seconds
Internal: There are remaining Allocations on the JobTempAlloc. This is a leak, and will impact performance
To Debug, run app with -diag-job-temp-memory-leak-validation cmd line argument. This will output the callstacks of the leaked allocations.
Number of updated asset objects reloaded before import = 0Number of asset objects unloaded after import = 12

========================================================================
Received Import Request.
  Time since last request: 0.000018 seconds.
  path: Assets/EXTERN/Extreme Sci-Fi LITE/Prefabs/Lights/Ceiling_Light_1G.prefab
  artifactKey: Guid(e476857846f27674abbae0c25aa72fab) Importer(815301076,1909f56bfc062723c751e8b465ee728b)
Start importing Assets/EXTERN/Extreme Sci-Fi LITE/Prefabs/Lights/Ceiling_Light_1G.prefab using Guid(e476857846f27674abbae0c25aa72fab) Importer(815301076,1909f56bfc062723c751e8b465ee728b) (PreviewImporter) -> (artifact id: '353ce9fa83ffdc11b2e6c740066bab54') in 0.0095111 seconds
Internal: There are remaining Allocations on the JobTempAlloc. This is a leak, and will impact performance
To Debug, run app with -diag-job-temp-memory-leak-validation cmd line argument. This will output the callstacks of the leaked allocations.
Number of updated asset objects reloaded before import = 0Number of asset objects unloaded after import = 14

========================================================================
Received Import Request.
  Time since last request: 0.000025 seconds.
  path: Assets/EXTERN/AliensAndMarines/Prefabs/Barracks.prefab
  artifactKey: Guid(2afb84ffeb208b14dad4f7aa27515557) Importer(815301076,1909f56bfc062723c751e8b465ee728b)
Start importing Assets/EXTERN/AliensAndMarines/Prefabs/Barracks.prefab using Guid(2afb84ffeb208b14dad4f7aa27515557) Importer(815301076,1909f56bfc062723c751e8b465ee728b) (PreviewImporter) -> (artifact id: '7be232e3d3ec1f162d2da256113b6983') in 0.0164481 seconds
Internal: There are remaining Allocations on the JobTempAlloc. This is a leak, and will impact performance
To Debug, run app with -diag-job-temp-memory-leak-validation cmd line argument. This will output the callstacks of the leaked allocations.
Number of updated asset objects reloaded before import = 0Number of asset objects unloaded after import = 15

========================================================================
Received Import Request.
  Time since last request: 0.000028 seconds.
  path: Assets/EXTERN/Extreme Sci-Fi LITE/Prefabs/Corridors, and Doors/Corridor_1A.prefab
  artifactKey: Guid(c9f5b0379c70a944b98839e9c60680af) Importer(815301076,1909f56bfc062723c751e8b465ee728b)
Start importing Assets/EXTERN/Extreme Sci-Fi LITE/Prefabs/Corridors, and Doors/Corridor_1A.prefab using Guid(c9f5b0379c70a944b98839e9c60680af) Importer(815301076,1909f56bfc062723c751e8b465ee728b) (PreviewImporter) -> (artifact id: 'e778ce55968f877570a1faf302ff4573') in 0.0131781 seconds
Internal: There are remaining Allocations on the JobTempAlloc. This is a leak, and will impact performance
To Debug, run app with -diag-job-temp-memory-leak-validation cmd line argument. This will output the callstacks of the leaked allocations.
Number of updated asset objects reloaded before import = 0Number of asset objects unloaded after import = 12

========================================================================
Received Import Request.
  Time since last request: 0.000018 seconds.
  path: Assets/EXTERN/Extreme Sci-Fi LITE/Prefabs/Lights/Ceiling_Light_1C.prefab
  artifactKey: Guid(91a612d162db71343ac88681ee0df5cd) Importer(815301076,1909f56bfc062723c751e8b465ee728b)
Start importing Assets/EXTERN/Extreme Sci-Fi LITE/Prefabs/Lights/Ceiling_Light_1C.prefab using Guid(91a612d162db71343ac88681ee0df5cd) Importer(815301076,1909f56bfc062723c751e8b465ee728b) (PreviewImporter) -> (artifact id: 'b4a8f76ecaa7fe9635c547785627ef98') in 0.0103354 seconds
Internal: There are remaining Allocations on the JobTempAlloc. This is a leak, and will impact performance
To Debug, run app with -diag-job-temp-memory-leak-validation cmd line argument. This will output the callstacks of the leaked allocations.
Number of updated asset objects reloaded before import = 0Number of asset objects unloaded after import = 14

========================================================================
Received Import Request.
  Time since last request: 0.318914 seconds.
  path: Assets/EXTERN/Extreme Sci-Fi LITE/Prefabs/Corridors, and Doors/Corridor_1E.prefab
  artifactKey: Guid(7f58467725f3f964dba78b5187146a62) Importer(815301076,1909f56bfc062723c751e8b465ee728b)
Start importing Assets/EXTERN/Extreme Sci-Fi LITE/Prefabs/Corridors, and Doors/Corridor_1E.prefab using Guid(7f58467725f3f964dba78b5187146a62) Importer(815301076,1909f56bfc062723c751e8b465ee728b) (PreviewImporter) -> (artifact id: 'f7efc8e474d9641244813eea2fe3c734') in 0.0123401 seconds
Internal: There are remaining Allocations on the JobTempAlloc. This is a leak, and will impact performance
To Debug, run app with -diag-job-temp-memory-leak-validation cmd line argument. This will output the callstacks of the leaked allocations.
Number of updated asset objects reloaded before import = 0Number of asset objects unloaded after import = 12
>>>>>>> Stashed changes

========================================================================
Received Import Request.
  Time since last request: 0.000017 seconds.
<<<<<<< Updated upstream
  path: Assets/EXTERN/Yoge/Textures/Stylized - Nature/Texture_14_Diffuse2.png
  artifactKey: Guid(9deb31dbcebd65447ac1a6fc2c06a932) Importer(815301076,1909f56bfc062723c751e8b465ee728b)
Start importing Assets/EXTERN/Yoge/Textures/Stylized - Nature/Texture_14_Diffuse2.png using Guid(9deb31dbcebd65447ac1a6fc2c06a932) Importer(815301076,1909f56bfc062723c751e8b465ee728b) (PreviewImporter) -> (artifact id: '40cb726131ee323572e990dc2e6efae2') in 0.0099887 seconds
Number of updated asset objects reloaded before import = 0Number of asset objects unloaded after import = 2

========================================================================
Received Import Request.
  Time since last request: 0.000022 seconds.
  path: Assets/EXTERN/Yoge/Textures/Stylized - Nature/Texture_10_Normal.png
  artifactKey: Guid(4f7785edaad42df409151b15faf422c1) Importer(815301076,1909f56bfc062723c751e8b465ee728b)
Start importing Assets/EXTERN/Yoge/Textures/Stylized - Nature/Texture_10_Normal.png using Guid(4f7785edaad42df409151b15faf422c1) Importer(815301076,1909f56bfc062723c751e8b465ee728b) (PreviewImporter) -> (artifact id: 'e6630c14bda90e839719b91e2f6f9cff') in 0.0111943 seconds
Number of updated asset objects reloaded before import = 0Number of asset objects unloaded after import = 2

========================================================================
Received Import Request.
  Time since last request: 0.000034 seconds.
  path: Assets/EXTERN/Yoge/Textures/Stylized - Nature/Texture_15_Diffuse.png
  artifactKey: Guid(d379c9e185ffab4419bd2d736d133242) Importer(815301076,1909f56bfc062723c751e8b465ee728b)
Start importing Assets/EXTERN/Yoge/Textures/Stylized - Nature/Texture_15_Diffuse.png using Guid(d379c9e185ffab4419bd2d736d133242) Importer(815301076,1909f56bfc062723c751e8b465ee728b) (PreviewImporter) -> (artifact id: '916bbbd1e43ca566685e3a87b638373c') in 0.0083083 seconds
Number of updated asset objects reloaded before import = 0Number of asset objects unloaded after import = 2

========================================================================
Received Import Request.
  Time since last request: 0.000026 seconds.
  path: Assets/EXTERN/Yoge/Textures/Stylized - Nature/Texture_5_Normal.png
  artifactKey: Guid(d2a0d22ea90a5a341869d9c9bf1a3053) Importer(815301076,1909f56bfc062723c751e8b465ee728b)
Start importing Assets/EXTERN/Yoge/Textures/Stylized - Nature/Texture_5_Normal.png using Guid(d2a0d22ea90a5a341869d9c9bf1a3053) Importer(815301076,1909f56bfc062723c751e8b465ee728b) (PreviewImporter) -> (artifact id: 'ef3042f35cf394d3859358ddc130a045') in 0.0104951 seconds
Number of updated asset objects reloaded before import = 0Number of asset objects unloaded after import = 2
=======
  path: Assets/EXTERN/Extreme Sci-Fi LITE/Prefabs/Corridors, and Doors/Corridor_1I.prefab
  artifactKey: Guid(439c21de4aff5424da748f7c94ec0dfe) Importer(815301076,1909f56bfc062723c751e8b465ee728b)
Start importing Assets/EXTERN/Extreme Sci-Fi LITE/Prefabs/Corridors, and Doors/Corridor_1I.prefab using Guid(439c21de4aff5424da748f7c94ec0dfe) Importer(815301076,1909f56bfc062723c751e8b465ee728b) (PreviewImporter) -> (artifact id: 'f6971db188a718dd773671968ca86768') in 0.0114981 seconds
Internal: There are remaining Allocations on the JobTempAlloc. This is a leak, and will impact performance
To Debug, run app with -diag-job-temp-memory-leak-validation cmd line argument. This will output the callstacks of the leaked allocations.
Number of updated asset objects reloaded before import = 0Number of asset objects unloaded after import = 12

========================================================================
Received Import Request.
  Time since last request: 0.000017 seconds.
  path: Assets/EXTERN/Extreme Sci-Fi LITE/Prefabs/Corridors, and Doors/Corridor_1H.prefab
  artifactKey: Guid(c4ea240978532f741b7f1a0cb9af9710) Importer(815301076,1909f56bfc062723c751e8b465ee728b)
Start importing Assets/EXTERN/Extreme Sci-Fi LITE/Prefabs/Corridors, and Doors/Corridor_1H.prefab using Guid(c4ea240978532f741b7f1a0cb9af9710) Importer(815301076,1909f56bfc062723c751e8b465ee728b) (PreviewImporter) -> (artifact id: '2040c576a73f25c0c8e64c5963ac8882') in 0.0094908 seconds
Internal: There are remaining Allocations on the JobTempAlloc. This is a leak, and will impact performance
To Debug, run app with -diag-job-temp-memory-leak-validation cmd line argument. This will output the callstacks of the leaked allocations.
Number of updated asset objects reloaded before import = 0Number of asset objects unloaded after import = 12

========================================================================
Received Import Request.
  Time since last request: 2.511110 seconds.
  path: Assets/EXTERN/Extreme Sci-Fi LITE/Prefabs/Corridors, and Doors/Corridor_2A.prefab
  artifactKey: Guid(188178c0e66712c449162ca71f321740) Importer(815301076,1909f56bfc062723c751e8b465ee728b)
Start importing Assets/EXTERN/Extreme Sci-Fi LITE/Prefabs/Corridors, and Doors/Corridor_2A.prefab using Guid(188178c0e66712c449162ca71f321740) Importer(815301076,1909f56bfc062723c751e8b465ee728b) (PreviewImporter) -> (artifact id: '48afffd49c663dbeb8226d5dab45d768') in 0.0217294 seconds
Internal: There are remaining Allocations on the JobTempAlloc. This is a leak, and will impact performance
To Debug, run app with -diag-job-temp-memory-leak-validation cmd line argument. This will output the callstacks of the leaked allocations.
Number of updated asset objects reloaded before import = 0Number of asset objects unloaded after import = 12

========================================================================
Received Import Request.
  Time since last request: 0.000023 seconds.
  path: Assets/EXTERN/Extreme Sci-Fi LITE/Prefabs/Corridors, and Doors/Corridor_2A(Wide)_Large.prefab
  artifactKey: Guid(01fe0fdf05640c945a5b4cbd667613b7) Importer(815301076,1909f56bfc062723c751e8b465ee728b)
Start importing Assets/EXTERN/Extreme Sci-Fi LITE/Prefabs/Corridors, and Doors/Corridor_2A(Wide)_Large.prefab using Guid(01fe0fdf05640c945a5b4cbd667613b7) Importer(815301076,1909f56bfc062723c751e8b465ee728b) (PreviewImporter) -> (artifact id: '21104eb834417baf3adc5951cf1de04b') in 0.0179167 seconds
Internal: There are remaining Allocations on the JobTempAlloc. This is a leak, and will impact performance
To Debug, run app with -diag-job-temp-memory-leak-validation cmd line argument. This will output the callstacks of the leaked allocations.
Number of updated asset objects reloaded before import = 0Number of asset objects unloaded after import = 12

========================================================================
Received Import Request.
  Time since last request: 0.457786 seconds.
  path: Assets/EXTERN/Extreme Sci-Fi LITE/Prefabs/Corridors, and Doors/Corridor_2B(Wide).prefab
  artifactKey: Guid(306265d50b9c2d141b3a5ffd81f29e5c) Importer(815301076,1909f56bfc062723c751e8b465ee728b)
Start importing Assets/EXTERN/Extreme Sci-Fi LITE/Prefabs/Corridors, and Doors/Corridor_2B(Wide).prefab using Guid(306265d50b9c2d141b3a5ffd81f29e5c) Importer(815301076,1909f56bfc062723c751e8b465ee728b) (PreviewImporter) -> (artifact id: 'a3ee9675e257b8d387c8ea85e1d75f80') in 0.0223321 seconds
Internal: There are remaining Allocations on the JobTempAlloc. This is a leak, and will impact performance
To Debug, run app with -diag-job-temp-memory-leak-validation cmd line argument. This will output the callstacks of the leaked allocations.
Number of updated asset objects reloaded before import = 0Number of asset objects unloaded after import = 12

========================================================================
Received Import Request.
  Time since last request: 0.000018 seconds.
  path: Assets/EXTERN/Extreme Sci-Fi LITE/Prefabs/Corridors, and Doors/Corridor_2B(Wide)_Window.prefab
  artifactKey: Guid(735aa2c3e6e189d428ab152c62770323) Importer(815301076,1909f56bfc062723c751e8b465ee728b)
Start importing Assets/EXTERN/Extreme Sci-Fi LITE/Prefabs/Corridors, and Doors/Corridor_2B(Wide)_Window.prefab using Guid(735aa2c3e6e189d428ab152c62770323) Importer(815301076,1909f56bfc062723c751e8b465ee728b) (PreviewImporter) -> (artifact id: '31377e089de54f557fb6e62993fbed30') in 0.0235223 seconds
Internal: There are remaining Allocations on the JobTempAlloc. This is a leak, and will impact performance
To Debug, run app with -diag-job-temp-memory-leak-validation cmd line argument. This will output the callstacks of the leaked allocations.
Number of updated asset objects reloaded before import = 0Number of asset objects unloaded after import = 15

========================================================================
Received Import Request.
  Time since last request: 0.338782 seconds.
  path: Assets/EXTERN/Extreme Sci-Fi LITE/Prefabs/Corridors, and Doors/Corridor_Connector_1A.prefab
  artifactKey: Guid(2f2c5d135938f0343be0510916378c61) Importer(815301076,1909f56bfc062723c751e8b465ee728b)
Start importing Assets/EXTERN/Extreme Sci-Fi LITE/Prefabs/Corridors, and Doors/Corridor_Connector_1A.prefab using Guid(2f2c5d135938f0343be0510916378c61) Importer(815301076,1909f56bfc062723c751e8b465ee728b) (PreviewImporter) -> (artifact id: '0616e3d9a563f966f892d3b39f77b006') in 0.0194636 seconds
Internal: There are remaining Allocations on the JobTempAlloc. This is a leak, and will impact performance
To Debug, run app with -diag-job-temp-memory-leak-validation cmd line argument. This will output the callstacks of the leaked allocations.
Number of updated asset objects reloaded before import = 0Number of asset objects unloaded after import = 12

========================================================================
Received Import Request.
  Time since last request: 0.014580 seconds.
  path: Assets/EXTERN/Extreme Sci-Fi LITE/Prefabs/Corridors, and Doors/Corridor_Connector_1D_Closed.prefab
  artifactKey: Guid(60f5c85eb76f96246aad42e84f56dbf8) Importer(815301076,1909f56bfc062723c751e8b465ee728b)
Start importing Assets/EXTERN/Extreme Sci-Fi LITE/Prefabs/Corridors, and Doors/Corridor_Connector_1D_Closed.prefab using Guid(60f5c85eb76f96246aad42e84f56dbf8) Importer(815301076,1909f56bfc062723c751e8b465ee728b) (PreviewImporter) -> (artifact id: '3711e84c02abb625f1212950ffb16877') in 0.0156679 seconds
Internal: There are remaining Allocations on the JobTempAlloc. This is a leak, and will impact performance
To Debug, run app with -diag-job-temp-memory-leak-validation cmd line argument. This will output the callstacks of the leaked allocations.
Number of updated asset objects reloaded before import = 0Number of asset objects unloaded after import = 12
>>>>>>> Stashed changes

========================================================================
Received Import Request.
  Time since last request: 0.000031 seconds.
<<<<<<< Updated upstream
  path: Assets/EXTERN/Yoge/Textures/Stylized - Nature/Texture_10_2_Normal.png
  artifactKey: Guid(a418ec96c6aeaf7439523ee4ee83f6a7) Importer(815301076,1909f56bfc062723c751e8b465ee728b)
Start importing Assets/EXTERN/Yoge/Textures/Stylized - Nature/Texture_10_2_Normal.png using Guid(a418ec96c6aeaf7439523ee4ee83f6a7) Importer(815301076,1909f56bfc062723c751e8b465ee728b) (PreviewImporter) -> (artifact id: '5488dc2a3b645bf1528c2fcdb31c203f') in 0.0102601 seconds
Number of updated asset objects reloaded before import = 0Number of asset objects unloaded after import = 2

========================================================================
Received Import Request.
  Time since last request: 0.000016 seconds.
  path: Assets/EXTERN/Yoge/Textures/Stylized - Nature/Texture_5_Diffuse.png
  artifactKey: Guid(5a3912604b9b17b47aff7f9d9723da92) Importer(815301076,1909f56bfc062723c751e8b465ee728b)
Start importing Assets/EXTERN/Yoge/Textures/Stylized - Nature/Texture_5_Diffuse.png using Guid(5a3912604b9b17b47aff7f9d9723da92) Importer(815301076,1909f56bfc062723c751e8b465ee728b) (PreviewImporter) -> (artifact id: 'e416d0e6c7edbcceb122693942cc301b') in 0.0078488 seconds
Number of updated asset objects reloaded before import = 0Number of asset objects unloaded after import = 2

========================================================================
Received Import Request.
  Time since last request: 0.000083 seconds.
  path: Assets/EXTERN/Yoge/Textures/Stylized - Nature/Texture_7_Diffuse.png
  artifactKey: Guid(af58c87ebdfd19445b725ab38a721ab2) Importer(815301076,1909f56bfc062723c751e8b465ee728b)
Start importing Assets/EXTERN/Yoge/Textures/Stylized - Nature/Texture_7_Diffuse.png using Guid(af58c87ebdfd19445b725ab38a721ab2) Importer(815301076,1909f56bfc062723c751e8b465ee728b) (PreviewImporter) -> (artifact id: '887753a4b105a29de57a101126f1af90') in 0.0090568 seconds
Number of updated asset objects reloaded before import = 0Number of asset objects unloaded after import = 2

========================================================================
Received Import Request.
  Time since last request: 0.000063 seconds.
  path: Assets/EXTERN/Yoge/Textures/Stylized - Nature/Texture_6_Normal.png
  artifactKey: Guid(352c954c78aa76045a14f0b0fe803ec1) Importer(815301076,1909f56bfc062723c751e8b465ee728b)
Start importing Assets/EXTERN/Yoge/Textures/Stylized - Nature/Texture_6_Normal.png using Guid(352c954c78aa76045a14f0b0fe803ec1) Importer(815301076,1909f56bfc062723c751e8b465ee728b) (PreviewImporter) -> (artifact id: 'ebcd0a7507662975f9e6115aca5907dd') in 0.0104934 seconds
Number of updated asset objects reloaded before import = 0Number of asset objects unloaded after import = 2

========================================================================
Received Import Request.
  Time since last request: 0.000016 seconds.
  path: Assets/EXTERN/Yoge/Textures/Stylized - Nature/Texture_11_Diffuse.png
  artifactKey: Guid(d769af8ce21c17348aa049a3055617a5) Importer(815301076,1909f56bfc062723c751e8b465ee728b)
Start importing Assets/EXTERN/Yoge/Textures/Stylized - Nature/Texture_11_Diffuse.png using Guid(d769af8ce21c17348aa049a3055617a5) Importer(815301076,1909f56bfc062723c751e8b465ee728b) (PreviewImporter) -> (artifact id: '2b42d118ad20544434ac2b764cd9ebb7') in 0.0100917 seconds
Number of updated asset objects reloaded before import = 0Number of asset objects unloaded after import = 2
=======
  path: Assets/EXTERN/Extreme Sci-Fi LITE/Prefabs/Corridors, and Doors/Corridor_Door_1L.prefab
  artifactKey: Guid(bdaa8963568d45f42a54a47e532cc40c) Importer(815301076,1909f56bfc062723c751e8b465ee728b)
Start importing Assets/EXTERN/Extreme Sci-Fi LITE/Prefabs/Corridors, and Doors/Corridor_Door_1L.prefab using Guid(bdaa8963568d45f42a54a47e532cc40c) Importer(815301076,1909f56bfc062723c751e8b465ee728b) (PreviewImporter) -> (artifact id: '4a015e1c5a11de52e5e70c75c70cc896') in 0.0171881 seconds
Internal: There are remaining Allocations on the JobTempAlloc. This is a leak, and will impact performance
To Debug, run app with -diag-job-temp-memory-leak-validation cmd line argument. This will output the callstacks of the leaked allocations.
Number of updated asset objects reloaded before import = 0Number of asset objects unloaded after import = 12

========================================================================
Received Import Request.
  Time since last request: 0.000030 seconds.
  path: Assets/EXTERN/Extreme Sci-Fi LITE/Prefabs/Corridors, and Doors/Corridor_Doors_Closed.prefab
  artifactKey: Guid(4e951ba73b8de694dac9be6477191d9e) Importer(815301076,1909f56bfc062723c751e8b465ee728b)
Start importing Assets/EXTERN/Extreme Sci-Fi LITE/Prefabs/Corridors, and Doors/Corridor_Doors_Closed.prefab using Guid(4e951ba73b8de694dac9be6477191d9e) Importer(815301076,1909f56bfc062723c751e8b465ee728b) (PreviewImporter) -> (artifact id: 'c9286fc5609ee61f3b8306b641ef1c59') in 0.0224729 seconds
Internal: There are remaining Allocations on the JobTempAlloc. This is a leak, and will impact performance
To Debug, run app with -diag-job-temp-memory-leak-validation cmd line argument. This will output the callstacks of the leaked allocations.
Number of updated asset objects reloaded before import = 0Number of asset objects unloaded after import = 12

========================================================================
Received Import Request.
  Time since last request: 0.357041 seconds.
  path: Assets/IMD/Dust.prefab
  artifactKey: Guid(9768bdc0466b85e489911363f26c07fb) Importer(815301076,1909f56bfc062723c751e8b465ee728b)
Start importing Assets/IMD/Dust.prefab using Guid(9768bdc0466b85e489911363f26c07fb) Importer(815301076,1909f56bfc062723c751e8b465ee728b) (PreviewImporter) -> (artifact id: '9d1d40ba95ee9a056f33b3aa909bc48c') in 0.1048345 seconds
Internal: There are remaining Allocations on the JobTempAlloc. This is a leak, and will impact performance
To Debug, run app with -diag-job-temp-memory-leak-validation cmd line argument. This will output the callstacks of the leaked allocations.
Number of updated asset objects reloaded before import = 0Number of asset objects unloaded after import = 11

========================================================================
Received Import Request.
  Time since last request: 0.393647 seconds.
  path: Assets/EXTERN/Go Systems/GoCharacterController/script/prefab/FoodSounds Test.prefab
  artifactKey: Guid(a14399b8b4d422444a8ea54b19b68899) Importer(815301076,1909f56bfc062723c751e8b465ee728b)
Start importing Assets/EXTERN/Go Systems/GoCharacterController/script/prefab/FoodSounds Test.prefab using Guid(a14399b8b4d422444a8ea54b19b68899) Importer(815301076,1909f56bfc062723c751e8b465ee728b) (PreviewImporter) -> (artifact id: '4681865d36e8dfa4c39b961bafe875f5') in 0.0212025 seconds
Internal: There are remaining Allocations on the JobTempAlloc. This is a leak, and will impact performance
To Debug, run app with -diag-job-temp-memory-leak-validation cmd line argument. This will output the callstacks of the leaked allocations.
Number of updated asset objects reloaded before import = 0Number of asset objects unloaded after import = 13
>>>>>>> Stashed changes

Editor requested this worker to shutdown with reason: Scaling down because of idle timeout
AssetImportWorker is now disconnected from the server
Process exiting
Exiting without the bug reporter. Application will terminate with return code 0